  [4;36;1mSQL (0.000000)[0m   [0;1mPGError: ERROR: relation "schema_info" already exists
: CREATE TABLE schema_info (version integer)[0m
  [4;35;1mSQL (0.000000)[0m   [0mPGError: ERROR: relation "schema_info" already exists
: CREATE TABLE schema_info (version integer)[0m
  [4;36;1mSQL (0.000000)[0m   [0;1mPGError: ERROR: relation "schema_info" already exists
: CREATE TABLE schema_info (version integer)[0m
  [4;35;1mSQL (0.000000)[0m   [0mPGError: ERROR: relation "schema_info" already exists
: CREATE TABLE schema_info (version integer)[0m
  [4;36;1mSQL (0.016001)[0m   [0;1mCREATE TABLE schema_info (version integer)[0m
  [4;35;1mSQL (0.000000)[0m   [0mINSERT INTO schema_info (version) VALUES(0)[0m
  [4;36;1mSQL (0.000000)[0m   [0;1mPGError: ERROR: relation "schema_info" already exists
: CREATE TABLE schema_info (version integer)[0m
  [4;36;1mSQL (0.016000)[0m   [0;1mCREATE TABLE schema_info (version integer)[0m
  [4;35;1mSQL (0.000000)[0m   [0mINSERT INTO schema_info (version) VALUES(0)[0m
  [4;36;1mSQL (0.000000)[0m   [0;1mPGError: ERROR: relation "schema_info" already exists
: CREATE TABLE schema_info (version integer)[0m
  [4;36;1mSQL (0.000000)[0m   [0;1mPGError: ERROR: relation "schema_info" already exists
: CREATE TABLE schema_info (version integer)[0m
  [4;35;1mSQL (0.000000)[0m   [0mPGError: ERROR: relation "schema_info" already exists
: CREATE TABLE schema_info (version integer)[0m
  [4;36;1mSQL (0.000000)[0m   [0;1mSELECT version FROM schema_info[0m
Migrating to CreateSources (1)
  [4;35;1mSQL (0.024001)[0m   [0mCREATE TABLE sources ("id" serial primary key, "url" character varying(1024) DEFAULT NULL) [0m
  [4;36;1mSQL (0.012001)[0m   [0;1mUPDATE schema_info SET version = 1[0m
  [4;35;1mSQL (0.000000)[0m   [0mSELECT version FROM schema_info[0m
Migrating to CreateArticles (2)
  [4;36;1mSQL (0.016001)[0m   [0;1mCREATE TABLE articles ("id" serial primary key, "title" character varying(1024) DEFAULT NULL, "text" text DEFAULT NULL, "publish_time" timestamp DEFAULT NULL, "url" character varying(1024) NOT NULL, "source_id" integer NOT NULL) [0m
  [4;35;1mSQL (0.004000)[0m   [0malter table articles add constraint fk_articles_sources foreign key (source_id) references sources(id)[0m
  [4;36;1mSQL (0.000000)[0m   [0;1mUPDATE schema_info SET version = 2[0m
  [4;35;1mSQL (0.000000)[0m   [0mSELECT version FROM schema_info[0m
Migrating to CreateUsers (3)
  [4;36;1mSQL (0.008001)[0m   [0;1mCREATE TABLE users ("id" serial primary key) [0m
  [4;35;1mSQL (0.000000)[0m   [0mUPDATE schema_info SET version = 3[0m
  [4;36;1mSQL (0.000000)[0m   [0;1mSELECT version FROM schema_info[0m
Migrating to CreateRecommendations (4)
  [4;35;1mSQL (0.008001)[0m   [0mCREATE TABLE recommendations ("id" serial primary key) [0m
  [4;36;1mSQL (0.000000)[0m   [0;1mUPDATE schema_info SET version = 4[0m
  [4;35;1mSQL (0.000000)[0m   [0mSELECT * FROM schema_info[0m
  [4;36;1mSQL (0.000000)[0m   [0;1mSHOW search_path[0m
  [4;35;1mSQL (0.004000)[0m   [0m SELECT tablename
 FROM pg_tables
 WHERE schemaname IN ('"$user"','public')
[0m
  [4;36;1mSQL (0.004000)[0m   [0;1m SELECT a.attname, format_type(a.atttypid, a.atttypmod), d.adsrc, a.attnotnull
 FROM pg_attribute a LEFT JOIN pg_attrdef d
 ON a.attrelid = d.adrelid AND a.attnum = d.adnum
 WHERE a.attrelid = 'articles'::regclass
 AND a.attnum > 0 AND NOT a.attisdropped
 ORDER BY a.attnum
[0m
  [4;35;1mPK and serial sequence (0.008001)[0m   [0m SELECT attr.attname, name.nspname, seq.relname
 FROM pg_class seq,
 pg_attribute attr,
 pg_depend dep,
 pg_namespace name,
 pg_constraint cons
 WHERE seq.oid = dep.objid
 AND seq.relnamespace = name.oid
 AND seq.relkind = 'S'
 AND attr.attrelid = dep.refobjid
 AND attr.attnum = dep.refobjsubid
 AND attr.attrelid = cons.conrelid
 AND attr.attnum = cons.conkey[1]
 AND cons.contype = 'p'
 AND dep.refobjid = 'articles'::regclass
[0m
  [4;36;1mSQL (0.004000)[0m   [0;1m SELECT i.relname, d.indisunique, a.attname
 FROM pg_class t, pg_class i, pg_index d, pg_attribute a
 WHERE i.relkind = 'i'
 AND d.indexrelid = i.oid
 AND d.indisprimary = 'f'
 AND t.oid = d.indrelid
 AND t.relname = 'articles'
 AND a.attrelid = t.oid
 AND ( d.indkey[0]=a.attnum OR d.indkey[1]=a.attnum
 OR d.indkey[2]=a.attnum OR d.indkey[3]=a.attnum
 OR d.indkey[4]=a.attnum OR d.indkey[5]=a.attnum
 OR d.indkey[6]=a.attnum OR d.indkey[7]=a.attnum
 OR d.indkey[8]=a.attnum OR d.indkey[9]=a.attnum )
 ORDER BY i.relname
[0m
  [4;35;1mSQL (0.004000)[0m   [0m SELECT a.attname, format_type(a.atttypid, a.atttypmod), d.adsrc, a.attnotnull
 FROM pg_attribute a LEFT JOIN pg_attrdef d
 ON a.attrelid = d.adrelid AND a.attnum = d.adnum
 WHERE a.attrelid = 'recommendations'::regclass
 AND a.attnum > 0 AND NOT a.attisdropped
 ORDER BY a.attnum
[0m
  [4;36;1mPK and serial sequence (0.004000)[0m   [0;1m SELECT attr.attname, name.nspname, seq.relname
 FROM pg_class seq,
 pg_attribute attr,
 pg_depend dep,
 pg_namespace name,
 pg_constraint cons
 WHERE seq.oid = dep.objid
 AND seq.relnamespace = name.oid
 AND seq.relkind = 'S'
 AND attr.attrelid = dep.refobjid
 AND attr.attnum = dep.refobjsubid
 AND attr.attrelid = cons.conrelid
 AND attr.attnum = cons.conkey[1]
 AND cons.contype = 'p'
 AND dep.refobjid = 'recommendations'::regclass
[0m
  [4;35;1mSQL (0.000000)[0m   [0m SELECT i.relname, d.indisunique, a.attname
 FROM pg_class t, pg_class i, pg_index d, pg_attribute a
 WHERE i.relkind = 'i'
 AND d.indexrelid = i.oid
 AND d.indisprimary = 'f'
 AND t.oid = d.indrelid
 AND t.relname = 'recommendations'
 AND a.attrelid = t.oid
 AND ( d.indkey[0]=a.attnum OR d.indkey[1]=a.attnum
 OR d.indkey[2]=a.attnum OR d.indkey[3]=a.attnum
 OR d.indkey[4]=a.attnum OR d.indkey[5]=a.attnum
 OR d.indkey[6]=a.attnum OR d.indkey[7]=a.attnum
 OR d.indkey[8]=a.attnum OR d.indkey[9]=a.attnum )
 ORDER BY i.relname
[0m
  [4;36;1mSQL (0.000000)[0m   [0;1m SELECT a.attname, format_type(a.atttypid, a.atttypmod), d.adsrc, a.attnotnull
 FROM pg_attribute a LEFT JOIN pg_attrdef d
 ON a.attrelid = d.adrelid AND a.attnum = d.adnum
 WHERE a.attrelid = 'sources'::regclass
 AND a.attnum > 0 AND NOT a.attisdropped
 ORDER BY a.attnum
[0m
  [4;35;1mPK and serial sequence (0.000000)[0m   [0m SELECT attr.attname, name.nspname, seq.relname
 FROM pg_class seq,
 pg_attribute attr,
 pg_depend dep,
 pg_namespace name,
 pg_constraint cons
 WHERE seq.oid = dep.objid
 AND seq.relnamespace = name.oid
 AND seq.relkind = 'S'
 AND attr.attrelid = dep.refobjid
 AND attr.attnum = dep.refobjsubid
 AND attr.attrelid = cons.conrelid
 AND attr.attnum = cons.conkey[1]
 AND cons.contype = 'p'
 AND dep.refobjid = 'sources'::regclass
[0m
  [4;36;1mSQL (0.004000)[0m   [0;1m SELECT i.relname, d.indisunique, a.attname
 FROM pg_class t, pg_class i, pg_index d, pg_attribute a
 WHERE i.relkind = 'i'
 AND d.indexrelid = i.oid
 AND d.indisprimary = 'f'
 AND t.oid = d.indrelid
 AND t.relname = 'sources'
 AND a.attrelid = t.oid
 AND ( d.indkey[0]=a.attnum OR d.indkey[1]=a.attnum
 OR d.indkey[2]=a.attnum OR d.indkey[3]=a.attnum
 OR d.indkey[4]=a.attnum OR d.indkey[5]=a.attnum
 OR d.indkey[6]=a.attnum OR d.indkey[7]=a.attnum
 OR d.indkey[8]=a.attnum OR d.indkey[9]=a.attnum )
 ORDER BY i.relname
[0m
  [4;35;1mSQL (0.000000)[0m   [0m SELECT a.attname, format_type(a.atttypid, a.atttypmod), d.adsrc, a.attnotnull
 FROM pg_attribute a LEFT JOIN pg_attrdef d
 ON a.attrelid = d.adrelid AND a.attnum = d.adnum
 WHERE a.attrelid = 'users'::regclass
 AND a.attnum > 0 AND NOT a.attisdropped
 ORDER BY a.attnum
[0m
  [4;36;1mPK and serial sequence (0.004000)[0m   [0;1m SELECT attr.attname, name.nspname, seq.relname
 FROM pg_class seq,
 pg_attribute attr,
 pg_depend dep,
 pg_namespace name,
 pg_constraint cons
 WHERE seq.oid = dep.objid
 AND seq.relnamespace = name.oid
 AND seq.relkind = 'S'
 AND attr.attrelid = dep.refobjid
 AND attr.attnum = dep.refobjsubid
 AND attr.attrelid = cons.conrelid
 AND attr.attnum = cons.conkey[1]
 AND cons.contype = 'p'
 AND dep.refobjid = 'users'::regclass
[0m
  [4;35;1mSQL (0.004000)[0m   [0m SELECT i.relname, d.indisunique, a.attname
 FROM pg_class t, pg_class i, pg_index d, pg_attribute a
 WHERE i.relkind = 'i'
 AND d.indexrelid = i.oid
 AND d.indisprimary = 'f'
 AND t.oid = d.indrelid
 AND t.relname = 'users'
 AND a.attrelid = t.oid
 AND ( d.indkey[0]=a.attnum OR d.indkey[1]=a.attnum
 OR d.indkey[2]=a.attnum OR d.indkey[3]=a.attnum
 OR d.indkey[4]=a.attnum OR d.indkey[5]=a.attnum
 OR d.indkey[6]=a.attnum OR d.indkey[7]=a.attnum
 OR d.indkey[8]=a.attnum OR d.indkey[9]=a.attnum )
 ORDER BY i.relname
[0m


Processing ApplicationController#index (for 127.0.0.1 at 2007-11-18 02:26:06) [GET]
  Session ID: afa5e439a620b388e8428bf98f93bbdb
  Parameters: {}


ActionController::RoutingError (no route found to match "/verditz" with {:method=>:get}):
    /var/lib/gems/1.8/gems/actionpack-1.13.5/lib/action_controller/routing.rb:1325:in `recognize_path'
    /var/lib/gems/1.8/gems/actionpack-1.13.5/lib/action_controller/routing.rb:1315:in `recognize'
    /var/lib/gems/1.8/gems/rails-1.2.5/lib/dispatcher.rb:40:in `dispatch'
    /var/lib/gems/1.8/gems/rails-1.2.5/lib/webrick_server.rb:113:in `handle_dispatch'
    /var/lib/gems/1.8/gems/rails-1.2.5/lib/webrick_server.rb:79:in `service'
    /usr/lib/ruby/1.8/webrick/httpserver.rb:104:in `service'
    /usr/lib/ruby/1.8/webrick/httpserver.rb:65:in `run'
    /usr/lib/ruby/1.8/webrick/server.rb:173:in `start_thread'
    /usr/lib/ruby/1.8/webrick/server.rb:162:in `start'
    /usr/lib/ruby/1.8/webrick/server.rb:162:in `start_thread'
    /usr/lib/ruby/1.8/webrick/server.rb:95:in `start'
    /usr/lib/ruby/1.8/webrick/server.rb:92:in `each'
    /usr/lib/ruby/1.8/webrick/server.rb:92:in `start'
    /usr/lib/ruby/1.8/webrick/server.rb:23:in `start'
    /usr/lib/ruby/1.8/webrick/server.rb:82:in `start'
    /var/lib/gems/1.8/gems/rails-1.2.5/lib/webrick_server.rb:63:in `dispatch'
    /var/lib/gems/1.8/gems/rails-1.2.5/lib/commands/servers/webrick.rb:59
    /usr/lib/ruby/1.8/rubygems/custom_require.rb:27:in `gem_original_require'
    /usr/lib/ruby/1.8/rubygems/custom_require.rb:27:in `require'
    /var/lib/gems/1.8/gems/activesupport-1.4.4/lib/active_support/dependencies.rb:495:in `require'
    /var/lib/gems/1.8/gems/activesupport-1.4.4/lib/active_support/dependencies.rb:342:in `new_constants_in'
    /var/lib/gems/1.8/gems/activesupport-1.4.4/lib/active_support/dependencies.rb:495:in `require'
    /var/lib/gems/1.8/gems/rails-1.2.5/lib/commands/server.rb:39
    /usr/lib/ruby/1.8/rubygems/custom_require.rb:27:in `gem_original_require'
    /usr/lib/ruby/1.8/rubygems/custom_require.rb:27:in `require'
    script/server:3


Rendering /var/lib/gems/1.8/gems/actionpack-1.13.5/lib/action_controller/templates/rescues/layout.rhtml (404 Page Not Found)


Processing ArticlesController#index (for 127.0.0.1 at 2007-11-18 02:26:13) [GET]
  Session ID: afa5e439a620b388e8428bf98f93bbdb
  Parameters: {"action"=>"index", "controller"=>"articles"}
DEPRECATION WARNING: paginate is deprecated and will be removed from Rails 2.0 (Pagination is moving to a plugin in Rails 2.0: script/plugin install svn://errtheblog.com/svn/plugins/classic_pagination)  See http://www.rubyonrails.org/deprecation for details. (called from list at /var/lib/gems/1.8/gems/actionpack-1.13.5/lib/action_controller/scaffolding.rb:108)
  [4;36;1mSQL (0.040002)[0m   [0;1m SELECT a.attname, format_type(a.atttypid, a.atttypmod), d.adsrc, a.attnotnull
 FROM pg_attribute a LEFT JOIN pg_attrdef d
 ON a.attrelid = d.adrelid AND a.attnum = d.adnum
 WHERE a.attrelid = 'articles'::regclass
 AND a.attnum > 0 AND NOT a.attisdropped
 ORDER BY a.attnum
[0m
  [4;35;1mSQL (0.048003)[0m   [0mSELECT count(*) AS count_all FROM articles [0m
  [4;36;1mArticle Load (0.000000)[0m   [0;1mSELECT * FROM articles LIMIT 10 OFFSET 0[0m
Rendering /var/lib/gems/1.8/gems/actionpack-1.13.5/lib/action_controller/templates/scaffolds/layout.rhtml
Completed in 0.18401 (5 reqs/sec) | Rendering: 0.00400 (2%) | DB: 0.08800 (47%) | 200 OK [http://localhost/articles/]


Processing ArticlesController#index (for 127.0.0.1 at 2007-11-18 02:36:45) [GET]
  Session ID: afa5e439a620b388e8428bf98f93bbdb
  Parameters: {"action"=>"index", "controller"=>"articles"}
DEPRECATION WARNING: paginate is deprecated and will be removed from Rails 2.0 (Pagination is moving to a plugin in Rails 2.0: script/plugin install svn://errtheblog.com/svn/plugins/classic_pagination)  See http://www.rubyonrails.org/deprecation for details. (called from list at /var/lib/gems/1.8/gems/actionpack-1.13.5/lib/action_controller/scaffolding.rb:108)
  [4;36;1mSQL (0.004000)[0m   [0;1m SELECT a.attname, format_type(a.atttypid, a.atttypmod), d.adsrc, a.attnotnull
 FROM pg_attribute a LEFT JOIN pg_attrdef d
 ON a.attrelid = d.adrelid AND a.attnum = d.adnum
 WHERE a.attrelid = 'articles'::regclass
 AND a.attnum > 0 AND NOT a.attisdropped
 ORDER BY a.attnum
[0m
  [4;35;1mSQL (0.000000)[0m   [0mSELECT count(*) AS count_all FROM articles [0m
  [4;36;1mArticle Load (0.020001)[0m   [0;1mSELECT * FROM articles LIMIT 10 OFFSET 0[0m
Rendering /var/lib/gems/1.8/gems/actionpack-1.13.5/lib/action_controller/templates/scaffolds/layout.rhtml
Completed in 0.19601 (5 reqs/sec) | Rendering: 0.00400 (2%) | DB: 0.02400 (12%) | 200 OK [http://localhost/articles/]


Processing ArticlesController#index (for 127.0.0.1 at 2007-11-18 02:36:55) [GET]
  Session ID: afa5e439a620b388e8428bf98f93bbdb
  Parameters: {"action"=>"index", "controller"=>"articles", "page"=>"2"}
DEPRECATION WARNING: paginate is deprecated and will be removed from Rails 2.0 (Pagination is moving to a plugin in Rails 2.0: script/plugin install svn://errtheblog.com/svn/plugins/classic_pagination)  See http://www.rubyonrails.org/deprecation for details. (called from list at /var/lib/gems/1.8/gems/actionpack-1.13.5/lib/action_controller/scaffolding.rb:108)
  [4;35;1mSQL (0.000000)[0m   [0m SELECT a.attname, format_type(a.atttypid, a.atttypmod), d.adsrc, a.attnotnull
 FROM pg_attribute a LEFT JOIN pg_attrdef d
 ON a.attrelid = d.adrelid AND a.attnum = d.adnum
 WHERE a.attrelid = 'articles'::regclass
 AND a.attnum > 0 AND NOT a.attisdropped
 ORDER BY a.attnum
[0m
  [4;36;1mSQL (0.000000)[0m   [0;1mSELECT count(*) AS count_all FROM articles [0m
  [4;35;1mArticle Load (0.028002)[0m   [0mSELECT * FROM articles LIMIT 10 OFFSET 10[0m
Rendering /var/lib/gems/1.8/gems/actionpack-1.13.5/lib/action_controller/templates/scaffolds/layout.rhtml
Completed in 0.04800 (20 reqs/sec) | Rendering: 0.00000 (0%) | DB: 0.02800 (58%) | 200 OK [http://localhost/articles?page=2]
