13:51:57 [main] INFO  at.bookworm.crawler.FeedCrawler - starting crawler...
13:51:57 [main] DEBUG at.bookworm.crawler.FeedCrawler - fetching feeds...
13:51:57 [main] DEBUG at.bookworm.crawler.ThreadFactory - active threads:1
13:51:57 [main] DEBUG at.bookworm.crawler.ThreadFactory - active threads:2
13:51:57 [main] DEBUG at.bookworm.crawler.ThreadFactory - active threads:3
13:51:57 [main] DEBUG at.bookworm.crawler.ThreadFactory - active threads:3
13:51:57 [main] DEBUG at.bookworm.crawler.ThreadFactory - active threads:3
13:51:57 [main] DEBUG at.bookworm.crawler.ThreadFactory - active threads:3
13:51:58 [main] DEBUG at.bookworm.crawler.ThreadFactory - active threads:3
13:51:58 [main] DEBUG at.bookworm.crawler.ThreadFactory - active threads:3
13:51:58 [main] DEBUG at.bookworm.crawler.ThreadFactory - active threads:3
13:51:58 [main] DEBUG at.bookworm.crawler.ThreadFactory - active threads:3
13:51:58 [main] DEBUG at.bookworm.crawler.ThreadFactory - active threads:3
13:51:59 [main] DEBUG at.bookworm.crawler.ThreadFactory - active threads:3
13:51:59 [main] DEBUG at.bookworm.crawler.ThreadFactory - active threads:3
13:51:59 [main] DEBUG at.bookworm.crawler.ThreadFactory - active threads:3
13:52:00 [main] DEBUG at.bookworm.crawler.ThreadFactory - active threads:3
13:52:00 [main] DEBUG at.bookworm.crawler.ThreadFactory - active threads:3
13:52:00 [main] DEBUG at.bookworm.crawler.ThreadFactory - active threads:3
13:52:01 [main] DEBUG at.bookworm.crawler.ThreadFactory - active threads:3
13:52:01 [main] DEBUG at.bookworm.crawler.ThreadFactory - active threads:3
13:52:01 [main] DEBUG at.bookworm.crawler.ThreadFactory - active threads:3
13:52:01 [main] DEBUG at.bookworm.crawler.ThreadFactory - active threads:3
13:52:01 [main] DEBUG at.bookworm.crawler.ThreadFactory - active threads:3
13:52:01 [main] DEBUG at.bookworm.crawler.ThreadFactory - active threads:3
13:52:01 [main] DEBUG at.bookworm.crawler.ThreadFactory - active threads:3
13:52:01 [main] DEBUG at.bookworm.crawler.ThreadFactory - active threads:3
13:52:01 [main] DEBUG at.bookworm.crawler.ThreadFactory - active threads:3
13:52:01 [main] DEBUG at.bookworm.crawler.ThreadFactory - active threads:3
13:52:01 [main] DEBUG at.bookworm.crawler.ThreadFactory - active threads:3
13:52:01 [main] DEBUG at.bookworm.crawler.ThreadFactory - active threads:3
13:52:02 [main] DEBUG at.bookworm.crawler.ThreadFactory - active threads:3
13:52:02 [main] DEBUG at.bookworm.crawler.ThreadFactory - active threads:2
13:52:02 [main] DEBUG at.bookworm.crawler.ThreadFactory - active threads:3
13:52:02 [main] DEBUG at.bookworm.crawler.ThreadFactory - active threads:3
13:52:02 [main] DEBUG at.bookworm.crawler.ThreadFactory - active threads:3
13:52:02 [main] DEBUG at.bookworm.crawler.ThreadFactory - active threads:3
13:52:02 [main] DEBUG at.bookworm.crawler.ThreadFactory - active threads:3
13:52:02 [main] DEBUG at.bookworm.crawler.ThreadFactory - active threads:3
13:52:02 [main] DEBUG at.bookworm.crawler.ThreadFactory - active threads:3
13:52:03 [main] DEBUG at.bookworm.crawler.ThreadFactory - active threads:3
13:52:03 [main] DEBUG at.bookworm.crawler.ThreadFactory - active threads:2
13:52:03 [main] DEBUG at.bookworm.crawler.ThreadFactory - active threads:3
13:52:03 [main] DEBUG at.bookworm.crawler.ThreadFactory - active threads:3
13:52:03 [main] DEBUG at.bookworm.crawler.ThreadFactory - active threads:3
13:52:03 [main] DEBUG at.bookworm.crawler.ThreadFactory - active threads:3
13:52:03 [main] DEBUG at.bookworm.crawler.ThreadFactory - active threads:3
13:52:04 [main] DEBUG at.bookworm.crawler.ThreadFactory - active threads:2
13:52:04 [main] DEBUG at.bookworm.crawler.ThreadFactory - active threads:3
13:52:04 [main] DEBUG at.bookworm.crawler.ThreadFactory - active threads:3
13:52:04 [main] DEBUG at.bookworm.crawler.ThreadFactory - active threads:3
13:52:04 [main] DEBUG at.bookworm.crawler.ThreadFactory - active threads:3
13:52:04 [main] DEBUG at.bookworm.crawler.ThreadFactory - active threads:3
13:52:04 [main] DEBUG at.bookworm.crawler.ThreadFactory - active threads:2
13:52:04 [main] DEBUG at.bookworm.crawler.ThreadFactory - active threads:3
13:52:04 [main] DEBUG at.bookworm.crawler.ThreadFactory - active threads:3
13:52:05 [main] DEBUG at.bookworm.crawler.ThreadFactory - active threads:3
13:52:05 [main] DEBUG at.bookworm.crawler.ThreadFactory - active threads:3
13:52:05 [main] DEBUG at.bookworm.crawler.ThreadFactory - active threads:3
13:52:05 [Thread-55] INFO  at.bookworm.crawler.DefaultFetchStrategy - com.sun.syndication.io.ParsingFeedException: Invalid XML: Error on line 63: The element type "description" must be terminated by the matching end-tag "</description>".
13:52:05 [main] DEBUG at.bookworm.crawler.ThreadFactory - active threads:2
13:52:05 [main] DEBUG at.bookworm.crawler.ThreadFactory - active threads:3
13:52:05 [main] DEBUG at.bookworm.crawler.ThreadFactory - active threads:3
13:52:05 [main] DEBUG at.bookworm.crawler.ThreadFactory - active threads:3
13:52:05 [main] DEBUG at.bookworm.crawler.ThreadFactory - active threads:3
13:52:05 [main] DEBUG at.bookworm.crawler.ThreadFactory - active threads:3
13:52:05 [main] DEBUG at.bookworm.crawler.ThreadFactory - active threads:3
13:52:05 [main] DEBUG at.bookworm.crawler.ThreadFactory - active threads:3
13:52:06 [main] DEBUG at.bookworm.crawler.ThreadFactory - active threads:3
13:52:06 [main] DEBUG at.bookworm.crawler.ThreadFactory - active threads:3
13:52:06 [main] DEBUG at.bookworm.crawler.ThreadFactory - active threads:3
13:52:06 [main] DEBUG at.bookworm.crawler.ThreadFactory - active threads:3
13:52:06 [main] DEBUG at.bookworm.crawler.ThreadFactory - active threads:3
13:52:06 [main] DEBUG at.bookworm.crawler.ThreadFactory - active threads:3
13:52:06 [main] DEBUG at.bookworm.crawler.ThreadFactory - active threads:3
13:52:07 [main] DEBUG at.bookworm.crawler.ThreadFactory - active threads:3
13:52:07 [main] DEBUG at.bookworm.crawler.ThreadFactory - active threads:3
13:52:07 [main] DEBUG at.bookworm.crawler.ThreadFactory - active threads:3
13:52:07 [main] DEBUG at.bookworm.crawler.ThreadFactory - active threads:3
13:52:07 [main] DEBUG at.bookworm.crawler.ThreadFactory - active threads:3
13:52:07 [main] DEBUG at.bookworm.crawler.ThreadFactory - active threads:2
13:52:07 [main] DEBUG at.bookworm.crawler.ThreadFactory - active threads:3
13:52:07 [main] DEBUG at.bookworm.crawler.ThreadFactory - active threads:3
13:52:07 [main] DEBUG at.bookworm.crawler.ThreadFactory - active threads:3
13:52:07 [main] DEBUG at.bookworm.crawler.ThreadFactory - active threads:3
13:52:07 [main] DEBUG at.bookworm.crawler.ThreadFactory - active threads:3
13:52:08 [main] DEBUG at.bookworm.crawler.ThreadFactory - active threads:3
13:52:08 [main] DEBUG at.bookworm.crawler.ThreadFactory - active threads:3
13:52:08 [main] DEBUG at.bookworm.crawler.ThreadFactory - active threads:3
13:52:08 [main] DEBUG at.bookworm.crawler.ThreadFactory - active threads:3
13:52:09 [main] DEBUG at.bookworm.crawler.ThreadFactory - active threads:3
13:52:09 [main] DEBUG at.bookworm.crawler.ThreadFactory - active threads:3
13:52:09 [main] DEBUG at.bookworm.crawler.ThreadFactory - active threads:3
13:52:10 [main] DEBUG at.bookworm.crawler.ThreadFactory - active threads:3
13:52:10 [main] DEBUG at.bookworm.crawler.ThreadFactory - active threads:3
13:52:11 [main] DEBUG at.bookworm.crawler.ThreadFactory - active threads:3
13:52:11 [main] DEBUG at.bookworm.crawler.ThreadFactory - active threads:3
13:52:11 [main] DEBUG at.bookworm.crawler.ThreadFactory - active threads:3
13:52:11 [main] DEBUG at.bookworm.crawler.ThreadFactory - active threads:3
13:52:11 [main] DEBUG at.bookworm.crawler.ThreadFactory - active threads:3
13:52:11 [main] DEBUG at.bookworm.crawler.ThreadFactory - active threads:3
13:52:12 [main] DEBUG at.bookworm.crawler.ThreadFactory - active threads:3
13:52:12 [main] DEBUG at.bookworm.crawler.ThreadFactory - active threads:3
13:52:12 [main] DEBUG at.bookworm.crawler.ThreadFactory - active threads:3
13:52:12 [main] DEBUG at.bookworm.crawler.ThreadFactory - active threads:3
13:52:12 [main] DEBUG at.bookworm.crawler.ThreadFactory - active threads:3
13:52:12 [main] DEBUG at.bookworm.crawler.ThreadFactory - active threads:3
13:52:12 [main] DEBUG at.bookworm.crawler.ThreadFactory - active threads:3
13:52:16 [main] DEBUG at.bookworm.crawler.ThreadFactory - active threads:3
13:52:17 [main] DEBUG at.bookworm.crawler.ThreadFactory - active threads:3
13:52:17 [main] DEBUG at.bookworm.crawler.ThreadFactory - active threads:3
13:52:18 [main] DEBUG at.bookworm.crawler.ThreadFactory - active threads:3
13:52:19 [main] DEBUG at.bookworm.crawler.ThreadFactory - active threads:3
13:52:19 [main] DEBUG at.bookworm.crawler.ThreadFactory - active threads:3
13:52:21 [main] DEBUG at.bookworm.crawler.ThreadFactory - active threads:3
13:52:21 [main] DEBUG at.bookworm.crawler.ThreadFactory - active threads:3
13:52:21 [main] DEBUG at.bookworm.crawler.ThreadFactory - active threads:3
13:52:21 [main] DEBUG at.bookworm.crawler.ThreadFactory - active threads:3
13:52:21 [main] DEBUG at.bookworm.crawler.ThreadFactory - active threads:3
13:52:21 [main] DEBUG at.bookworm.crawler.ThreadFactory - active threads:3
13:52:22 [main] DEBUG at.bookworm.crawler.ThreadFactory - active threads:3
13:52:22 [main] DEBUG at.bookworm.crawler.ThreadFactory - active threads:3
13:52:22 [main] DEBUG at.bookworm.crawler.ThreadFactory - active threads:3
13:52:22 [main] DEBUG at.bookworm.crawler.ThreadFactory - active threads:3
13:52:22 [main] DEBUG at.bookworm.crawler.ThreadFactory - active threads:3
13:52:23 [main] DEBUG at.bookworm.crawler.FeedCrawler - fetched all feeds
13:52:23 [main] DEBUG at.bookworm.crawler.FeedCrawler - Waiting
13:54:22 [main] DEBUG at.bookworm.crawler.FeedCrawler - fetching feeds...
13:54:22 [main] DEBUG at.bookworm.crawler.ThreadFactory - active threads:1
13:54:22 [main] DEBUG at.bookworm.crawler.ThreadFactory - active threads:2
13:54:22 [main] DEBUG at.bookworm.crawler.ThreadFactory - active threads:3
13:54:22 [main] DEBUG at.bookworm.crawler.ThreadFactory - active threads:3
13:54:23 [main] DEBUG at.bookworm.crawler.ThreadFactory - active threads:3
13:54:23 [main] DEBUG at.bookworm.crawler.ThreadFactory - active threads:3
13:54:23 [main] DEBUG at.bookworm.crawler.ThreadFactory - active threads:3
13:54:23 [main] DEBUG at.bookworm.crawler.ThreadFactory - active threads:3
13:54:23 [main] DEBUG at.bookworm.crawler.ThreadFactory - active threads:3
13:54:23 [main] DEBUG at.bookworm.crawler.ThreadFactory - active threads:3
13:54:23 [main] DEBUG at.bookworm.crawler.ThreadFactory - active threads:3
13:54:24 [main] DEBUG at.bookworm.crawler.ThreadFactory - active threads:3
13:54:24 [main] DEBUG at.bookworm.crawler.ThreadFactory - active threads:3
13:54:25 [main] DEBUG at.bookworm.crawler.ThreadFactory - active threads:3
13:54:25 [main] DEBUG at.bookworm.crawler.ThreadFactory - active threads:3
13:54:25 [main] DEBUG at.bookworm.crawler.ThreadFactory - active threads:3
13:54:26 [main] DEBUG at.bookworm.crawler.ThreadFactory - active threads:3
13:54:26 [main] DEBUG at.bookworm.crawler.ThreadFactory - active threads:3
13:54:26 [main] DEBUG at.bookworm.crawler.ThreadFactory - active threads:3
13:54:26 [main] DEBUG at.bookworm.crawler.ThreadFactory - active threads:3
13:54:26 [main] DEBUG at.bookworm.crawler.ThreadFactory - active threads:3
13:54:26 [main] DEBUG at.bookworm.crawler.ThreadFactory - active threads:3
13:54:26 [main] DEBUG at.bookworm.crawler.ThreadFactory - active threads:3
13:54:26 [main] DEBUG at.bookworm.crawler.ThreadFactory - active threads:3
13:54:26 [main] DEBUG at.bookworm.crawler.ThreadFactory - active threads:3
13:54:26 [main] DEBUG at.bookworm.crawler.ThreadFactory - active threads:3
13:54:26 [main] DEBUG at.bookworm.crawler.ThreadFactory - active threads:3
13:54:27 [main] DEBUG at.bookworm.crawler.ThreadFactory - active threads:3
13:54:27 [main] DEBUG at.bookworm.crawler.ThreadFactory - active threads:3
13:54:27 [main] DEBUG at.bookworm.crawler.ThreadFactory - active threads:3
13:54:27 [main] DEBUG at.bookworm.crawler.ThreadFactory - active threads:3
13:54:27 [main] DEBUG at.bookworm.crawler.ThreadFactory - active threads:3
13:54:27 [main] DEBUG at.bookworm.crawler.ThreadFactory - active threads:3
13:54:27 [main] DEBUG at.bookworm.crawler.ThreadFactory - active threads:3
13:54:28 [main] DEBUG at.bookworm.crawler.ThreadFactory - active threads:3
13:54:28 [main] DEBUG at.bookworm.crawler.ThreadFactory - active threads:3
13:54:28 [main] DEBUG at.bookworm.crawler.ThreadFactory - active threads:3
13:54:28 [main] DEBUG at.bookworm.crawler.ThreadFactory - active threads:3
13:54:28 [main] DEBUG at.bookworm.crawler.ThreadFactory - active threads:3
13:54:28 [main] DEBUG at.bookworm.crawler.ThreadFactory - active threads:3
13:54:28 [main] DEBUG at.bookworm.crawler.ThreadFactory - active threads:3
13:54:28 [main] DEBUG at.bookworm.crawler.ThreadFactory - active threads:3
13:54:29 [main] DEBUG at.bookworm.crawler.ThreadFactory - active threads:3
13:54:29 [main] DEBUG at.bookworm.crawler.ThreadFactory - active threads:3
13:54:29 [main] DEBUG at.bookworm.crawler.ThreadFactory - active threads:3
13:54:29 [main] DEBUG at.bookworm.crawler.ThreadFactory - active threads:3
13:54:30 [main] DEBUG at.bookworm.crawler.ThreadFactory - active threads:3
13:54:30 [main] DEBUG at.bookworm.crawler.ThreadFactory - active threads:3
13:54:30 [main] DEBUG at.bookworm.crawler.ThreadFactory - active threads:3
13:54:30 [main] DEBUG at.bookworm.crawler.ThreadFactory - active threads:3
13:54:30 [main] DEBUG at.bookworm.crawler.ThreadFactory - active threads:3
13:54:31 [main] DEBUG at.bookworm.crawler.ThreadFactory - active threads:3
13:54:31 [main] DEBUG at.bookworm.crawler.ThreadFactory - active threads:3
13:54:31 [main] DEBUG at.bookworm.crawler.ThreadFactory - active threads:3
13:54:31 [Thread-53] INFO  at.bookworm.crawler.DefaultFetchStrategy - com.sun.syndication.io.ParsingFeedException: Invalid XML: Error on line 1: Content is not allowed in prolog.
13:54:31 [main] DEBUG at.bookworm.crawler.ThreadFactory - active threads:3
13:54:31 [main] DEBUG at.bookworm.crawler.ThreadFactory - active threads:3
13:54:32 [Thread-55] INFO  at.bookworm.crawler.DefaultFetchStrategy - com.sun.syndication.io.ParsingFeedException: Invalid XML: Error on line 63: The element type "description" must be terminated by the matching end-tag "</description>".
13:54:32 [main] DEBUG at.bookworm.crawler.ThreadFactory - active threads:3
13:54:32 [main] DEBUG at.bookworm.crawler.ThreadFactory - active threads:3
13:54:32 [main] DEBUG at.bookworm.crawler.ThreadFactory - active threads:3
13:54:32 [main] DEBUG at.bookworm.crawler.ThreadFactory - active threads:3
13:54:32 [main] DEBUG at.bookworm.crawler.ThreadFactory - active threads:3
13:54:32 [main] DEBUG at.bookworm.crawler.ThreadFactory - active threads:3
13:54:32 [main] DEBUG at.bookworm.crawler.ThreadFactory - active threads:3
13:54:32 [main] DEBUG at.bookworm.crawler.ThreadFactory - active threads:3
13:54:32 [main] DEBUG at.bookworm.crawler.ThreadFactory - active threads:3
13:54:32 [main] DEBUG at.bookworm.crawler.ThreadFactory - active threads:3
13:54:32 [main] DEBUG at.bookworm.crawler.ThreadFactory - active threads:3
13:54:33 [main] DEBUG at.bookworm.crawler.ThreadFactory - active threads:3
13:54:33 [main] DEBUG at.bookworm.crawler.ThreadFactory - active threads:3
13:54:33 [main] DEBUG at.bookworm.crawler.ThreadFactory - active threads:3
13:54:33 [main] DEBUG at.bookworm.crawler.ThreadFactory - active threads:3
13:54:33 [main] DEBUG at.bookworm.crawler.ThreadFactory - active threads:3
13:54:34 [main] DEBUG at.bookworm.crawler.ThreadFactory - active threads:3
13:54:34 [main] DEBUG at.bookworm.crawler.ThreadFactory - active threads:3
13:54:34 [main] DEBUG at.bookworm.crawler.ThreadFactory - active threads:3
13:54:34 [main] DEBUG at.bookworm.crawler.ThreadFactory - active threads:3
13:54:34 [main] DEBUG at.bookworm.crawler.ThreadFactory - active threads:3
13:54:34 [main] DEBUG at.bookworm.crawler.ThreadFactory - active threads:3
13:54:34 [main] DEBUG at.bookworm.crawler.ThreadFactory - active threads:3
13:54:34 [main] DEBUG at.bookworm.crawler.ThreadFactory - active threads:2
13:54:34 [main] DEBUG at.bookworm.crawler.ThreadFactory - active threads:3
13:54:34 [main] DEBUG at.bookworm.crawler.ThreadFactory - active threads:3
13:54:34 [main] DEBUG at.bookworm.crawler.ThreadFactory - active threads:3
13:54:34 [main] DEBUG at.bookworm.crawler.ThreadFactory - active threads:2
13:54:34 [main] DEBUG at.bookworm.crawler.ThreadFactory - active threads:3
13:54:35 [main] DEBUG at.bookworm.crawler.ThreadFactory - active threads:3
13:54:35 [main] DEBUG at.bookworm.crawler.ThreadFactory - active threads:3
13:54:35 [main] DEBUG at.bookworm.crawler.ThreadFactory - active threads:3
13:54:35 [main] DEBUG at.bookworm.crawler.ThreadFactory - active threads:3
13:54:35 [main] DEBUG at.bookworm.crawler.ThreadFactory - active threads:3
13:54:35 [main] DEBUG at.bookworm.crawler.ThreadFactory - active threads:3
13:54:36 [main] DEBUG at.bookworm.crawler.ThreadFactory - active threads:3
13:54:37 [main] DEBUG at.bookworm.crawler.ThreadFactory - active threads:3
13:54:38 [main] DEBUG at.bookworm.crawler.ThreadFactory - active threads:3
13:54:38 [main] DEBUG at.bookworm.crawler.ThreadFactory - active threads:3
13:54:38 [main] DEBUG at.bookworm.crawler.ThreadFactory - active threads:3
13:54:38 [main] DEBUG at.bookworm.crawler.ThreadFactory - active threads:3
13:54:38 [main] DEBUG at.bookworm.crawler.ThreadFactory - active threads:3
13:54:38 [main] DEBUG at.bookworm.crawler.ThreadFactory - active threads:3
13:54:38 [main] DEBUG at.bookworm.crawler.ThreadFactory - active threads:3
13:54:39 [main] DEBUG at.bookworm.crawler.ThreadFactory - active threads:3
13:54:39 [main] DEBUG at.bookworm.crawler.ThreadFactory - active threads:3
13:54:39 [main] DEBUG at.bookworm.crawler.ThreadFactory - active threads:3
13:54:39 [main] DEBUG at.bookworm.crawler.ThreadFactory - active threads:3
13:54:39 [main] DEBUG at.bookworm.crawler.ThreadFactory - active threads:3
13:54:40 [main] DEBUG at.bookworm.crawler.ThreadFactory - active threads:3
13:54:41 [main] DEBUG at.bookworm.crawler.ThreadFactory - active threads:3
13:54:41 [main] DEBUG at.bookworm.crawler.ThreadFactory - active threads:3
13:54:41 [main] DEBUG at.bookworm.crawler.ThreadFactory - active threads:3
14:03:24 [main] DEBUG at.ac.tuwien.dbai.crawler.FeedCrawler - fetching feeds...
14:03:24 [main] DEBUG at.ac.tuwien.dbai.crawler.ThreadFactory - active threads:1
14:03:24 [main] DEBUG at.ac.tuwien.dbai.crawler.ThreadFactory - active threads:1
14:03:24 [main] DEBUG at.ac.tuwien.dbai.crawler.ThreadFactory - active threads:1
14:03:24 [main] DEBUG at.ac.tuwien.dbai.crawler.ThreadFactory - active threads:1
14:03:24 [main] DEBUG at.ac.tuwien.dbai.crawler.ThreadFactory - active threads:1
14:03:24 [main] DEBUG at.ac.tuwien.dbai.crawler.ThreadFactory - active threads:1
14:03:24 [main] DEBUG at.ac.tuwien.dbai.crawler.ThreadFactory - active threads:1
14:03:24 [main] DEBUG at.ac.tuwien.dbai.crawler.ThreadFactory - active threads:1
14:03:24 [main] DEBUG at.ac.tuwien.dbai.crawler.ThreadFactory - active threads:1
14:03:24 [main] DEBUG at.ac.tuwien.dbai.crawler.ThreadFactory - active threads:1
14:03:24 [main] DEBUG at.ac.tuwien.dbai.crawler.ThreadFactory - active threads:1
14:03:24 [main] DEBUG at.ac.tuwien.dbai.crawler.ThreadFactory - active threads:1
14:03:24 [main] DEBUG at.ac.tuwien.dbai.crawler.ThreadFactory - active threads:1
14:03:24 [main] DEBUG at.ac.tuwien.dbai.crawler.ThreadFactory - active threads:1
14:03:24 [main] DEBUG at.ac.tuwien.dbai.crawler.ThreadFactory - active threads:1
14:03:24 [main] DEBUG at.ac.tuwien.dbai.crawler.ThreadFactory - active threads:1
14:03:24 [main] DEBUG at.ac.tuwien.dbai.crawler.ThreadFactory - active threads:1
14:03:24 [main] DEBUG at.ac.tuwien.dbai.crawler.ThreadFactory - active threads:1
14:03:24 [main] DEBUG at.ac.tuwien.dbai.crawler.ThreadFactory - active threads:1
14:03:24 [main] DEBUG at.ac.tuwien.dbai.crawler.ThreadFactory - active threads:1
14:03:24 [main] DEBUG at.ac.tuwien.dbai.crawler.ThreadFactory - active threads:1
14:03:24 [main] DEBUG at.ac.tuwien.dbai.crawler.ThreadFactory - active threads:1
14:03:24 [main] DEBUG at.ac.tuwien.dbai.crawler.ThreadFactory - active threads:1
14:03:24 [main] DEBUG at.ac.tuwien.dbai.crawler.ThreadFactory - active threads:1
14:03:24 [main] DEBUG at.ac.tuwien.dbai.crawler.ThreadFactory - active threads:1
14:03:24 [main] DEBUG at.ac.tuwien.dbai.crawler.ThreadFactory - active threads:1
14:03:24 [main] DEBUG at.ac.tuwien.dbai.crawler.ThreadFactory - active threads:1
14:03:24 [main] DEBUG at.ac.tuwien.dbai.crawler.ThreadFactory - active threads:1
14:03:24 [main] DEBUG at.ac.tuwien.dbai.crawler.ThreadFactory - active threads:1
14:03:24 [main] DEBUG at.ac.tuwien.dbai.crawler.ThreadFactory - active threads:1
14:03:24 [main] DEBUG at.ac.tuwien.dbai.crawler.ThreadFactory - active threads:1
14:03:24 [main] DEBUG at.ac.tuwien.dbai.crawler.ThreadFactory - active threads:1
14:03:24 [main] DEBUG at.ac.tuwien.dbai.crawler.ThreadFactory - active threads:1
14:03:24 [main] DEBUG at.ac.tuwien.dbai.crawler.ThreadFactory - active threads:1
14:03:24 [main] DEBUG at.ac.tuwien.dbai.crawler.ThreadFactory - active threads:1
14:03:24 [main] DEBUG at.ac.tuwien.dbai.crawler.ThreadFactory - active threads:1
14:03:25 [main] DEBUG at.ac.tuwien.dbai.crawler.ThreadFactory - active threads:1
14:03:25 [main] DEBUG at.ac.tuwien.dbai.crawler.ThreadFactory - active threads:1
14:03:25 [main] DEBUG at.ac.tuwien.dbai.crawler.ThreadFactory - active threads:1
14:03:25 [main] DEBUG at.ac.tuwien.dbai.crawler.ThreadFactory - active threads:1
14:03:25 [main] DEBUG at.ac.tuwien.dbai.crawler.ThreadFactory - active threads:1
14:03:25 [main] DEBUG at.ac.tuwien.dbai.crawler.ThreadFactory - active threads:1
14:03:25 [main] DEBUG at.ac.tuwien.dbai.crawler.ThreadFactory - active threads:1
14:03:25 [main] DEBUG at.ac.tuwien.dbai.crawler.ThreadFactory - active threads:1
14:03:25 [main] DEBUG at.ac.tuwien.dbai.crawler.ThreadFactory - active threads:1
14:03:25 [main] DEBUG at.ac.tuwien.dbai.crawler.ThreadFactory - active threads:1
14:03:25 [main] DEBUG at.ac.tuwien.dbai.crawler.ThreadFactory - active threads:1
14:03:25 [main] DEBUG at.ac.tuwien.dbai.crawler.ThreadFactory - active threads:1
14:03:25 [main] DEBUG at.ac.tuwien.dbai.crawler.ThreadFactory - active threads:1
14:03:25 [main] DEBUG at.ac.tuwien.dbai.crawler.ThreadFactory - active threads:1
14:03:25 [main] DEBUG at.ac.tuwien.dbai.crawler.ThreadFactory - active threads:1
14:03:25 [main] DEBUG at.ac.tuwien.dbai.crawler.ThreadFactory - active threads:1
14:03:25 [main] DEBUG at.ac.tuwien.dbai.crawler.ThreadFactory - active threads:1
14:03:25 [main] DEBUG at.ac.tuwien.dbai.crawler.ThreadFactory - active threads:1
14:03:25 [main] DEBUG at.ac.tuwien.dbai.crawler.ThreadFactory - active threads:1
14:03:25 [main] DEBUG at.ac.tuwien.dbai.crawler.ThreadFactory - active threads:1
14:03:25 [main] DEBUG at.ac.tuwien.dbai.crawler.ThreadFactory - active threads:1
14:03:25 [main] DEBUG at.ac.tuwien.dbai.crawler.ThreadFactory - active threads:1
14:03:25 [main] DEBUG at.ac.tuwien.dbai.crawler.ThreadFactory - active threads:1
14:03:25 [main] DEBUG at.ac.tuwien.dbai.crawler.ThreadFactory - active threads:1
14:03:25 [main] DEBUG at.ac.tuwien.dbai.crawler.ThreadFactory - active threads:1
14:03:25 [main] DEBUG at.ac.tuwien.dbai.crawler.ThreadFactory - active threads:1
14:03:25 [main] DEBUG at.ac.tuwien.dbai.crawler.ThreadFactory - active threads:1
14:03:25 [main] DEBUG at.ac.tuwien.dbai.crawler.ThreadFactory - active threads:1
14:03:25 [main] DEBUG at.ac.tuwien.dbai.crawler.ThreadFactory - active threads:1
14:03:25 [main] DEBUG at.ac.tuwien.dbai.crawler.ThreadFactory - active threads:1
14:03:25 [main] DEBUG at.ac.tuwien.dbai.crawler.ThreadFactory - active threads:1
14:03:25 [main] DEBUG at.ac.tuwien.dbai.crawler.ThreadFactory - active threads:1
14:03:25 [main] DEBUG at.ac.tuwien.dbai.crawler.ThreadFactory - active threads:1
14:03:25 [main] DEBUG at.ac.tuwien.dbai.crawler.ThreadFactory - active threads:1
14:03:25 [main] DEBUG at.ac.tuwien.dbai.crawler.ThreadFactory - active threads:1
14:03:25 [main] DEBUG at.ac.tuwien.dbai.crawler.ThreadFactory - active threads:1
14:03:25 [main] DEBUG at.ac.tuwien.dbai.crawler.ThreadFactory - active threads:1
14:03:25 [main] DEBUG at.ac.tuwien.dbai.crawler.ThreadFactory - active threads:1
14:03:25 [main] DEBUG at.ac.tuwien.dbai.crawler.ThreadFactory - active threads:1
14:03:25 [main] DEBUG at.ac.tuwien.dbai.crawler.ThreadFactory - active threads:1
14:03:25 [main] DEBUG at.ac.tuwien.dbai.crawler.ThreadFactory - active threads:1
14:03:25 [main] DEBUG at.ac.tuwien.dbai.crawler.ThreadFactory - active threads:1
14:03:25 [main] DEBUG at.ac.tuwien.dbai.crawler.ThreadFactory - active threads:1
14:03:25 [main] DEBUG at.ac.tuwien.dbai.crawler.ThreadFactory - active threads:1
14:03:25 [main] DEBUG at.ac.tuwien.dbai.crawler.ThreadFactory - active threads:1
14:03:25 [main] DEBUG at.ac.tuwien.dbai.crawler.ThreadFactory - active threads:1
14:03:25 [main] DEBUG at.ac.tuwien.dbai.crawler.ThreadFactory - active threads:1
14:03:25 [main] DEBUG at.ac.tuwien.dbai.crawler.ThreadFactory - active threads:1
14:03:25 [main] DEBUG at.ac.tuwien.dbai.crawler.ThreadFactory - active threads:1
14:03:25 [main] DEBUG at.ac.tuwien.dbai.crawler.ThreadFactory - active threads:1
14:03:25 [main] DEBUG at.ac.tuwien.dbai.crawler.ThreadFactory - active threads:1
14:03:25 [main] DEBUG at.ac.tuwien.dbai.crawler.ThreadFactory - active threads:1
14:03:25 [main] DEBUG at.ac.tuwien.dbai.crawler.ThreadFactory - active threads:1
14:03:25 [main] DEBUG at.ac.tuwien.dbai.crawler.ThreadFactory - active threads:1
14:03:25 [main] DEBUG at.ac.tuwien.dbai.crawler.ThreadFactory - active threads:1
14:03:25 [main] DEBUG at.ac.tuwien.dbai.crawler.ThreadFactory - active threads:1
14:03:25 [main] DEBUG at.ac.tuwien.dbai.crawler.ThreadFactory - active threads:1
14:03:25 [main] DEBUG at.ac.tuwien.dbai.crawler.ThreadFactory - active threads:1
14:03:26 [main] DEBUG at.ac.tuwien.dbai.crawler.ThreadFactory - active threads:1
14:03:26 [main] DEBUG at.ac.tuwien.dbai.crawler.ThreadFactory - active threads:1
14:03:26 [main] DEBUG at.ac.tuwien.dbai.crawler.ThreadFactory - active threads:1
14:03:26 [main] DEBUG at.ac.tuwien.dbai.crawler.ThreadFactory - active threads:1
14:03:26 [main] DEBUG at.ac.tuwien.dbai.crawler.ThreadFactory - active threads:1
14:03:26 [main] DEBUG at.ac.tuwien.dbai.crawler.ThreadFactory - active threads:1
14:03:26 [main] DEBUG at.ac.tuwien.dbai.crawler.ThreadFactory - active threads:1
14:03:26 [main] DEBUG at.ac.tuwien.dbai.crawler.ThreadFactory - active threads:1
14:03:26 [main] DEBUG at.ac.tuwien.dbai.crawler.ThreadFactory - active threads:1
14:03:26 [main] DEBUG at.ac.tuwien.dbai.crawler.ThreadFactory - active threads:1
14:03:26 [main] DEBUG at.ac.tuwien.dbai.crawler.ThreadFactory - active threads:1
14:03:26 [main] DEBUG at.ac.tuwien.dbai.crawler.ThreadFactory - active threads:1
14:03:26 [main] DEBUG at.ac.tuwien.dbai.crawler.ThreadFactory - active threads:1
14:03:26 [main] DEBUG at.ac.tuwien.dbai.crawler.ThreadFactory - active threads:1
14:03:26 [main] DEBUG at.ac.tuwien.dbai.crawler.ThreadFactory - active threads:1
14:03:26 [main] DEBUG at.ac.tuwien.dbai.crawler.ThreadFactory - active threads:1
14:03:26 [main] DEBUG at.ac.tuwien.dbai.crawler.ThreadFactory - active threads:1
14:03:26 [main] DEBUG at.ac.tuwien.dbai.crawler.ThreadFactory - active threads:1
14:03:26 [main] DEBUG at.ac.tuwien.dbai.crawler.ThreadFactory - active threads:1
14:03:26 [main] DEBUG at.ac.tuwien.dbai.crawler.ThreadFactory - active threads:1
14:03:26 [main] DEBUG at.ac.tuwien.dbai.crawler.ThreadFactory - active threads:1
14:03:26 [main] DEBUG at.ac.tuwien.dbai.crawler.ThreadFactory - active threads:1
14:03:26 [main] DEBUG at.ac.tuwien.dbai.crawler.ThreadFactory - active threads:1
14:03:26 [main] DEBUG at.ac.tuwien.dbai.crawler.ThreadFactory - active threads:1
14:03:26 [main] DEBUG at.ac.tuwien.dbai.crawler.ThreadFactory - active threads:1
14:03:26 [main] DEBUG at.ac.tuwien.dbai.crawler.ThreadFactory - active threads:1
14:03:26 [main] DEBUG at.ac.tuwien.dbai.crawler.ThreadFactory - active threads:1
14:03:26 [main] DEBUG at.ac.tuwien.dbai.crawler.ThreadFactory - active threads:1
14:03:26 [main] DEBUG at.ac.tuwien.dbai.crawler.FeedCrawler - fetched all feeds
14:04:43 [main] DEBUG at.ac.tuwien.dbai.crawler.FeedCrawler - fetching feeds...
14:04:43 [main] DEBUG at.ac.tuwien.dbai.crawler.ThreadFactory - active threads:1
14:04:43 [main] DEBUG at.ac.tuwien.dbai.crawler.ThreadFactory - active threads:1
14:04:43 [main] DEBUG at.ac.tuwien.dbai.crawler.ThreadFactory - active threads:1
14:04:43 [main] DEBUG at.ac.tuwien.dbai.crawler.ThreadFactory - active threads:1
14:04:43 [main] DEBUG at.ac.tuwien.dbai.crawler.ThreadFactory - active threads:1
14:04:43 [main] DEBUG at.ac.tuwien.dbai.crawler.ThreadFactory - active threads:1
14:04:43 [main] DEBUG at.ac.tuwien.dbai.crawler.ThreadFactory - active threads:1
14:04:43 [main] DEBUG at.ac.tuwien.dbai.crawler.ThreadFactory - active threads:1
14:04:43 [main] DEBUG at.ac.tuwien.dbai.crawler.ThreadFactory - active threads:1
14:04:43 [main] DEBUG at.ac.tuwien.dbai.crawler.ThreadFactory - active threads:1
14:04:43 [main] DEBUG at.ac.tuwien.dbai.crawler.ThreadFactory - active threads:1
14:04:43 [main] DEBUG at.ac.tuwien.dbai.crawler.ThreadFactory - active threads:1
14:04:43 [main] DEBUG at.ac.tuwien.dbai.crawler.ThreadFactory - active threads:1
14:04:43 [main] DEBUG at.ac.tuwien.dbai.crawler.ThreadFactory - active threads:1
14:04:43 [main] DEBUG at.ac.tuwien.dbai.crawler.ThreadFactory - active threads:1
14:04:43 [main] DEBUG at.ac.tuwien.dbai.crawler.ThreadFactory - active threads:1
14:04:43 [main] DEBUG at.ac.tuwien.dbai.crawler.ThreadFactory - active threads:1
14:04:43 [main] DEBUG at.ac.tuwien.dbai.crawler.ThreadFactory - active threads:1
14:04:43 [main] DEBUG at.ac.tuwien.dbai.crawler.ThreadFactory - active threads:1
14:04:43 [main] DEBUG at.ac.tuwien.dbai.crawler.ThreadFactory - active threads:1
14:04:43 [main] DEBUG at.ac.tuwien.dbai.crawler.ThreadFactory - active threads:1
14:04:43 [main] DEBUG at.ac.tuwien.dbai.crawler.ThreadFactory - active threads:1
14:04:43 [main] DEBUG at.ac.tuwien.dbai.crawler.ThreadFactory - active threads:1
14:04:44 [main] DEBUG at.ac.tuwien.dbai.crawler.ThreadFactory - active threads:1
14:04:44 [main] DEBUG at.ac.tuwien.dbai.crawler.ThreadFactory - active threads:1
14:04:44 [main] DEBUG at.ac.tuwien.dbai.crawler.ThreadFactory - active threads:1
14:04:44 [main] DEBUG at.ac.tuwien.dbai.crawler.ThreadFactory - active threads:1
14:04:44 [main] DEBUG at.ac.tuwien.dbai.crawler.ThreadFactory - active threads:1
14:04:44 [main] DEBUG at.ac.tuwien.dbai.crawler.ThreadFactory - active threads:1
14:04:44 [main] DEBUG at.ac.tuwien.dbai.crawler.ThreadFactory - active threads:1
14:04:44 [main] DEBUG at.ac.tuwien.dbai.crawler.ThreadFactory - active threads:1
14:04:44 [main] DEBUG at.ac.tuwien.dbai.crawler.ThreadFactory - active threads:1
14:04:44 [main] DEBUG at.ac.tuwien.dbai.crawler.ThreadFactory - active threads:1
14:04:44 [main] DEBUG at.ac.tuwien.dbai.crawler.ThreadFactory - active threads:1
14:04:44 [main] DEBUG at.ac.tuwien.dbai.crawler.ThreadFactory - active threads:1
14:04:44 [main] DEBUG at.ac.tuwien.dbai.crawler.ThreadFactory - active threads:1
14:04:44 [main] DEBUG at.ac.tuwien.dbai.crawler.ThreadFactory - active threads:1
14:04:44 [main] DEBUG at.ac.tuwien.dbai.crawler.ThreadFactory - active threads:1
14:04:44 [main] DEBUG at.ac.tuwien.dbai.crawler.ThreadFactory - active threads:1
14:04:44 [main] DEBUG at.ac.tuwien.dbai.crawler.ThreadFactory - active threads:1
14:04:44 [main] DEBUG at.ac.tuwien.dbai.crawler.ThreadFactory - active threads:1
14:04:44 [main] DEBUG at.ac.tuwien.dbai.crawler.ThreadFactory - active threads:1
14:04:44 [main] DEBUG at.ac.tuwien.dbai.crawler.ThreadFactory - active threads:1
14:04:44 [main] DEBUG at.ac.tuwien.dbai.crawler.ThreadFactory - active threads:1
14:04:44 [main] DEBUG at.ac.tuwien.dbai.crawler.ThreadFactory - active threads:1
14:04:44 [main] DEBUG at.ac.tuwien.dbai.crawler.ThreadFactory - active threads:1
14:04:44 [main] DEBUG at.ac.tuwien.dbai.crawler.ThreadFactory - active threads:1
14:04:44 [main] DEBUG at.ac.tuwien.dbai.crawler.ThreadFactory - active threads:1
14:04:44 [main] DEBUG at.ac.tuwien.dbai.crawler.ThreadFactory - active threads:1
14:04:44 [main] DEBUG at.ac.tuwien.dbai.crawler.ThreadFactory - active threads:1
14:04:44 [main] DEBUG at.ac.tuwien.dbai.crawler.ThreadFactory - active threads:1
14:04:44 [main] DEBUG at.ac.tuwien.dbai.crawler.ThreadFactory - active threads:1
14:04:44 [main] DEBUG at.ac.tuwien.dbai.crawler.ThreadFactory - active threads:1
14:04:44 [main] DEBUG at.ac.tuwien.dbai.crawler.ThreadFactory - active threads:1
14:04:44 [main] DEBUG at.ac.tuwien.dbai.crawler.ThreadFactory - active threads:1
14:04:44 [main] DEBUG at.ac.tuwien.dbai.crawler.ThreadFactory - active threads:1
14:04:44 [main] DEBUG at.ac.tuwien.dbai.crawler.ThreadFactory - active threads:1
14:04:44 [main] DEBUG at.ac.tuwien.dbai.crawler.ThreadFactory - active threads:1
14:04:44 [main] DEBUG at.ac.tuwien.dbai.crawler.ThreadFactory - active threads:1
14:04:44 [main] DEBUG at.ac.tuwien.dbai.crawler.ThreadFactory - active threads:1
14:04:44 [main] DEBUG at.ac.tuwien.dbai.crawler.ThreadFactory - active threads:1
14:04:44 [main] DEBUG at.ac.tuwien.dbai.crawler.ThreadFactory - active threads:1
14:04:44 [main] DEBUG at.ac.tuwien.dbai.crawler.ThreadFactory - active threads:1
14:04:44 [main] DEBUG at.ac.tuwien.dbai.crawler.ThreadFactory - active threads:1
14:04:44 [main] DEBUG at.ac.tuwien.dbai.crawler.ThreadFactory - active threads:1
14:04:44 [main] DEBUG at.ac.tuwien.dbai.crawler.ThreadFactory - active threads:1
14:04:44 [main] DEBUG at.ac.tuwien.dbai.crawler.ThreadFactory - active threads:1
14:04:44 [main] DEBUG at.ac.tuwien.dbai.crawler.ThreadFactory - active threads:1
14:04:44 [main] DEBUG at.ac.tuwien.dbai.crawler.ThreadFactory - active threads:1
14:04:44 [main] DEBUG at.ac.tuwien.dbai.crawler.ThreadFactory - active threads:1
14:04:44 [main] DEBUG at.ac.tuwien.dbai.crawler.ThreadFactory - active threads:1
14:04:44 [main] DEBUG at.ac.tuwien.dbai.crawler.ThreadFactory - active threads:1
14:04:44 [main] DEBUG at.ac.tuwien.dbai.crawler.ThreadFactory - active threads:1
14:04:44 [main] DEBUG at.ac.tuwien.dbai.crawler.ThreadFactory - active threads:1
14:04:44 [main] DEBUG at.ac.tuwien.dbai.crawler.ThreadFactory - active threads:1
14:04:44 [main] DEBUG at.ac.tuwien.dbai.crawler.ThreadFactory - active threads:1
14:04:44 [main] DEBUG at.ac.tuwien.dbai.crawler.ThreadFactory - active threads:1
14:04:44 [main] DEBUG at.ac.tuwien.dbai.crawler.ThreadFactory - active threads:1
14:04:44 [main] DEBUG at.ac.tuwien.dbai.crawler.ThreadFactory - active threads:1
14:04:44 [main] DEBUG at.ac.tuwien.dbai.crawler.ThreadFactory - active threads:1
14:04:44 [main] DEBUG at.ac.tuwien.dbai.crawler.ThreadFactory - active threads:1
14:04:44 [main] DEBUG at.ac.tuwien.dbai.crawler.ThreadFactory - active threads:1
14:04:45 [main] DEBUG at.ac.tuwien.dbai.crawler.ThreadFactory - active threads:1
14:04:45 [main] DEBUG at.ac.tuwien.dbai.crawler.ThreadFactory - active threads:1
14:04:45 [main] DEBUG at.ac.tuwien.dbai.crawler.ThreadFactory - active threads:1
14:04:45 [main] DEBUG at.ac.tuwien.dbai.crawler.ThreadFactory - active threads:1
14:04:45 [main] DEBUG at.ac.tuwien.dbai.crawler.ThreadFactory - active threads:1
14:04:45 [main] DEBUG at.ac.tuwien.dbai.crawler.ThreadFactory - active threads:1
14:04:45 [main] DEBUG at.ac.tuwien.dbai.crawler.ThreadFactory - active threads:1
14:04:45 [main] DEBUG at.ac.tuwien.dbai.crawler.ThreadFactory - active threads:1
14:04:45 [main] DEBUG at.ac.tuwien.dbai.crawler.ThreadFactory - active threads:1
14:04:45 [main] DEBUG at.ac.tuwien.dbai.crawler.ThreadFactory - active threads:1
14:04:45 [main] DEBUG at.ac.tuwien.dbai.crawler.ThreadFactory - active threads:1
14:04:45 [main] DEBUG at.ac.tuwien.dbai.crawler.ThreadFactory - active threads:1
14:04:45 [main] DEBUG at.ac.tuwien.dbai.crawler.ThreadFactory - active threads:1
14:04:45 [main] DEBUG at.ac.tuwien.dbai.crawler.ThreadFactory - active threads:1
14:04:45 [main] DEBUG at.ac.tuwien.dbai.crawler.ThreadFactory - active threads:1
14:04:45 [main] DEBUG at.ac.tuwien.dbai.crawler.ThreadFactory - active threads:1
14:04:45 [main] DEBUG at.ac.tuwien.dbai.crawler.ThreadFactory - active threads:1
14:04:45 [main] DEBUG at.ac.tuwien.dbai.crawler.ThreadFactory - active threads:1
14:04:45 [main] DEBUG at.ac.tuwien.dbai.crawler.ThreadFactory - active threads:1
14:04:45 [main] DEBUG at.ac.tuwien.dbai.crawler.ThreadFactory - active threads:1
14:04:45 [main] DEBUG at.ac.tuwien.dbai.crawler.ThreadFactory - active threads:1
14:04:45 [main] DEBUG at.ac.tuwien.dbai.crawler.ThreadFactory - active threads:1
14:04:45 [main] DEBUG at.ac.tuwien.dbai.crawler.ThreadFactory - active threads:1
14:04:45 [main] DEBUG at.ac.tuwien.dbai.crawler.ThreadFactory - active threads:1
14:04:45 [main] DEBUG at.ac.tuwien.dbai.crawler.ThreadFactory - active threads:1
14:04:45 [main] DEBUG at.ac.tuwien.dbai.crawler.ThreadFactory - active threads:1
14:13:18 [main] DEBUG at.ac.tuwien.dbai.crawler.FeedCrawler - fetching feeds...
14:13:18 [main] DEBUG at.ac.tuwien.dbai.crawler.ThreadFactory - active threads:1
14:13:20 [main] DEBUG at.ac.tuwien.dbai.crawler.FeedCrawler - fetched all feeds
14:14:10 [main] DEBUG at.ac.tuwien.dbai.crawler.FeedCrawler - fetching feeds...
14:14:10 [main] DEBUG at.ac.tuwien.dbai.crawler.ThreadFactory - active threads:1
14:14:12 [main] DEBUG at.ac.tuwien.dbai.crawler.FeedCrawler - fetched all feeds
14:14:29 [main] DEBUG at.ac.tuwien.dbai.crawler.FeedCrawler - fetching feeds...
14:14:29 [main] DEBUG at.ac.tuwien.dbai.crawler.ThreadFactory - active threads:1
14:14:31 [main] DEBUG at.ac.tuwien.dbai.crawler.FeedCrawler - fetched all feeds
14:17:07 [main] DEBUG at.ac.tuwien.dbai.crawler.FeedCrawler - fetching feeds...
14:17:07 [main] DEBUG at.ac.tuwien.dbai.crawler.ThreadFactory - active threads:1
14:17:09 [main] DEBUG at.ac.tuwien.dbai.crawler.FeedCrawler - fetched all feeds
14:17:09 [main] DEBUG at.ac.tuwien.dbai.crawler.FeedCrawler - fetching feeds...
14:17:09 [main] DEBUG at.ac.tuwien.dbai.crawler.ThreadFactory - active threads:1
14:17:10 [main] DEBUG at.ac.tuwien.dbai.crawler.FeedCrawler - fetched all feeds
14:17:18 [main] DEBUG at.ac.tuwien.dbai.crawler.FeedCrawler - fetching feeds...
14:17:18 [main] DEBUG at.ac.tuwien.dbai.crawler.ThreadFactory - active threads:1
14:17:19 [main] DEBUG at.ac.tuwien.dbai.crawler.FeedCrawler - fetched all feeds
14:17:19 [main] DEBUG at.ac.tuwien.dbai.crawler.FeedCrawler - fetching feeds...
14:17:19 [main] DEBUG at.ac.tuwien.dbai.crawler.ThreadFactory - active threads:1
14:17:20 [main] DEBUG at.ac.tuwien.dbai.crawler.FeedCrawler - fetched all feeds
14:19:41 [main] DEBUG at.ac.tuwien.dbai.crawler.FeedCrawler - fetching feeds...
14:19:41 [main] DEBUG at.ac.tuwien.dbai.crawler.ThreadFactory - active threads:1
14:19:43 [main] DEBUG at.ac.tuwien.dbai.crawler.FeedCrawler - fetched all feeds
14:19:43 [main] DEBUG at.ac.tuwien.dbai.crawler.FeedCrawler - fetching feeds...
14:19:43 [main] DEBUG at.ac.tuwien.dbai.crawler.ThreadFactory - active threads:1
14:19:44 [main] DEBUG at.ac.tuwien.dbai.crawler.FeedCrawler - fetched all feeds
14:20:25 [main] DEBUG at.ac.tuwien.dbai.crawler.FeedCrawler - fetching feeds...
14:20:25 [main] DEBUG at.ac.tuwien.dbai.crawler.ThreadFactory - active threads:1
14:20:26 [main] DEBUG at.ac.tuwien.dbai.crawler.FeedCrawler - fetched all feeds
14:20:26 [main] DEBUG at.ac.tuwien.dbai.crawler.FeedCrawler - fetching feeds...
14:20:26 [main] DEBUG at.ac.tuwien.dbai.crawler.ThreadFactory - active threads:1
14:20:27 [main] DEBUG at.ac.tuwien.dbai.crawler.FeedCrawler - fetched all feeds
14:20:30 [main] DEBUG at.ac.tuwien.dbai.crawler.FeedCrawler - fetching feeds...
14:20:30 [main] DEBUG at.ac.tuwien.dbai.crawler.ThreadFactory - active threads:1
14:20:31 [main] DEBUG at.ac.tuwien.dbai.crawler.FeedCrawler - fetched all feeds
14:20:31 [main] DEBUG at.ac.tuwien.dbai.crawler.FeedCrawler - fetching feeds...
14:20:31 [main] DEBUG at.ac.tuwien.dbai.crawler.ThreadFactory - active threads:1
14:20:32 [main] DEBUG at.ac.tuwien.dbai.crawler.FeedCrawler - fetched all feeds
14:21:05 [main] DEBUG at.ac.tuwien.dbai.crawler.FeedCrawler - fetching feeds...
14:21:05 [main] DEBUG at.ac.tuwien.dbai.crawler.ThreadFactory - active threads:1
14:21:06 [main] DEBUG at.ac.tuwien.dbai.crawler.FeedCrawler - fetched all feeds
14:21:06 [main] DEBUG at.ac.tuwien.dbai.crawler.FeedCrawler - fetching feeds...
14:21:06 [main] DEBUG at.ac.tuwien.dbai.crawler.ThreadFactory - active threads:1
14:21:07 [main] DEBUG at.ac.tuwien.dbai.crawler.FeedCrawler - fetched all feeds
14:21:10 [main] DEBUG at.ac.tuwien.dbai.crawler.FeedCrawler - fetching feeds...
14:21:10 [main] DEBUG at.ac.tuwien.dbai.crawler.ThreadFactory - active threads:1
14:21:12 [main] DEBUG at.ac.tuwien.dbai.crawler.FeedCrawler - fetched all feeds
14:21:12 [main] DEBUG at.ac.tuwien.dbai.crawler.FeedCrawler - fetching feeds...
14:21:12 [main] DEBUG at.ac.tuwien.dbai.crawler.ThreadFactory - active threads:1
14:21:13 [main] DEBUG at.ac.tuwien.dbai.crawler.FeedCrawler - fetched all feeds
14:21:33 [main] DEBUG at.ac.tuwien.dbai.crawler.FeedCrawler - fetching feeds...
14:21:33 [main] DEBUG at.ac.tuwien.dbai.crawler.ThreadFactory - active threads:1
14:21:34 [main] DEBUG at.ac.tuwien.dbai.crawler.FeedCrawler - fetched all feeds
14:21:34 [main] DEBUG at.ac.tuwien.dbai.crawler.FeedCrawler - fetching feeds...
14:21:34 [main] DEBUG at.ac.tuwien.dbai.crawler.ThreadFactory - active threads:1
14:21:35 [main] DEBUG at.ac.tuwien.dbai.crawler.FeedCrawler - fetched all feeds
14:21:50 [main] DEBUG at.ac.tuwien.dbai.crawler.FeedCrawler - fetching feeds...
14:21:50 [main] DEBUG at.ac.tuwien.dbai.crawler.ThreadFactory - active threads:1
14:21:51 [main] DEBUG at.ac.tuwien.dbai.crawler.FeedCrawler - fetched all feeds
14:21:51 [main] DEBUG at.ac.tuwien.dbai.crawler.FeedCrawler - fetching feeds...
14:21:51 [main] DEBUG at.ac.tuwien.dbai.crawler.ThreadFactory - active threads:1
14:21:52 [main] DEBUG at.ac.tuwien.dbai.crawler.FeedCrawler - fetched all feeds
14:22:25 [main] DEBUG at.ac.tuwien.dbai.crawler.FeedCrawler - fetching feeds...
14:22:25 [main] DEBUG at.ac.tuwien.dbai.crawler.ThreadFactory - active threads:1
14:22:26 [main] DEBUG at.ac.tuwien.dbai.crawler.FeedCrawler - fetched all feeds
14:22:26 [main] DEBUG at.ac.tuwien.dbai.crawler.FeedCrawler - fetching feeds...
14:22:26 [main] DEBUG at.ac.tuwien.dbai.crawler.ThreadFactory - active threads:1
14:22:27 [main] DEBUG at.ac.tuwien.dbai.crawler.FeedCrawler - fetched all feeds
14:22:30 [main] DEBUG at.ac.tuwien.dbai.crawler.FeedCrawler - fetching feeds...
14:22:30 [main] DEBUG at.ac.tuwien.dbai.crawler.ThreadFactory - active threads:1
14:22:31 [main] DEBUG at.ac.tuwien.dbai.crawler.FeedCrawler - fetched all feeds
14:22:31 [main] DEBUG at.ac.tuwien.dbai.crawler.FeedCrawler - fetching feeds...
14:22:31 [main] DEBUG at.ac.tuwien.dbai.crawler.ThreadFactory - active threads:1
14:22:32 [main] DEBUG at.ac.tuwien.dbai.crawler.FeedCrawler - fetched all feeds
14:23:24 [main] DEBUG at.ac.tuwien.dbai.crawler.FeedCrawler - fetching feeds...
14:23:24 [main] DEBUG at.ac.tuwien.dbai.crawler.ThreadFactory - active threads:1
14:23:25 [main] DEBUG at.ac.tuwien.dbai.crawler.FeedCrawler - fetched all feeds
14:23:25 [main] DEBUG at.ac.tuwien.dbai.crawler.FeedCrawler - fetching feeds...
14:23:25 [main] DEBUG at.ac.tuwien.dbai.crawler.ThreadFactory - active threads:1
14:23:25 [main] DEBUG at.ac.tuwien.dbai.crawler.FeedCrawler - fetched all feeds
14:23:53 [main] DEBUG at.ac.tuwien.dbai.crawler.FeedCrawler - fetching feeds...
14:23:53 [main] DEBUG at.ac.tuwien.dbai.crawler.ThreadFactory - active threads:1
14:23:54 [main] DEBUG at.ac.tuwien.dbai.crawler.FeedCrawler - fetched all feeds
14:23:54 [main] DEBUG at.ac.tuwien.dbai.crawler.FeedCrawler - fetching feeds...
14:23:54 [main] DEBUG at.ac.tuwien.dbai.crawler.ThreadFactory - active threads:1
14:23:55 [main] DEBUG at.ac.tuwien.dbai.crawler.FeedCrawler - fetched all feeds
14:24:20 [main] DEBUG at.ac.tuwien.dbai.crawler.FeedCrawler - fetching feeds...
14:24:20 [main] DEBUG at.ac.tuwien.dbai.crawler.ThreadFactory - active threads:1
14:24:21 [main] DEBUG at.ac.tuwien.dbai.crawler.FeedCrawler - fetched all feeds
14:24:21 [main] DEBUG at.ac.tuwien.dbai.crawler.FeedCrawler - fetching feeds...
14:24:21 [main] DEBUG at.ac.tuwien.dbai.crawler.ThreadFactory - active threads:1
14:24:22 [main] DEBUG at.ac.tuwien.dbai.crawler.FeedCrawler - fetched all feeds
14:24:24 [main] DEBUG at.ac.tuwien.dbai.crawler.FeedCrawler - fetching feeds...
14:24:24 [main] DEBUG at.ac.tuwien.dbai.crawler.ThreadFactory - active threads:1
14:24:25 [main] DEBUG at.ac.tuwien.dbai.crawler.FeedCrawler - fetched all feeds
14:24:25 [main] DEBUG at.ac.tuwien.dbai.crawler.FeedCrawler - fetching feeds...
14:24:25 [main] DEBUG at.ac.tuwien.dbai.crawler.ThreadFactory - active threads:1
14:24:25 [main] DEBUG at.ac.tuwien.dbai.crawler.FeedCrawler - fetched all feeds
14:24:41 [main] DEBUG at.ac.tuwien.dbai.crawler.FeedCrawler - fetching feeds...
14:24:41 [main] DEBUG at.ac.tuwien.dbai.crawler.ThreadFactory - active threads:1
14:24:42 [main] DEBUG at.ac.tuwien.dbai.crawler.FeedCrawler - fetched all feeds
14:24:42 [main] DEBUG at.ac.tuwien.dbai.crawler.FeedCrawler - fetching feeds...
14:24:42 [main] DEBUG at.ac.tuwien.dbai.crawler.ThreadFactory - active threads:1
14:24:42 [main] DEBUG at.ac.tuwien.dbai.crawler.FeedCrawler - fetched all feeds
14:25:01 [main] DEBUG at.ac.tuwien.dbai.crawler.FeedCrawler - fetching feeds...
14:25:01 [main] DEBUG at.ac.tuwien.dbai.crawler.ThreadFactory - active threads:1
14:25:02 [main] DEBUG at.ac.tuwien.dbai.crawler.FeedCrawler - fetched all feeds
14:25:02 [main] DEBUG at.ac.tuwien.dbai.crawler.FeedCrawler - fetching feeds...
14:25:02 [main] DEBUG at.ac.tuwien.dbai.crawler.ThreadFactory - active threads:1
14:25:02 [main] DEBUG at.ac.tuwien.dbai.crawler.FeedCrawler - fetched all feeds
14:25:18 [main] DEBUG at.ac.tuwien.dbai.crawler.FeedCrawler - fetching feeds...
14:25:18 [main] DEBUG at.ac.tuwien.dbai.crawler.ThreadFactory - active threads:1
14:25:20 [main] DEBUG at.ac.tuwien.dbai.crawler.FeedCrawler - fetched all feeds
14:25:20 [main] DEBUG at.ac.tuwien.dbai.crawler.FeedCrawler - fetching feeds...
14:25:20 [main] DEBUG at.ac.tuwien.dbai.crawler.ThreadFactory - active threads:1
14:25:20 [main] DEBUG at.ac.tuwien.dbai.crawler.FeedCrawler - fetched all feeds
14:26:01 [main] DEBUG at.ac.tuwien.dbai.crawler.FeedCrawler - fetching feeds...
14:26:01 [main] DEBUG at.ac.tuwien.dbai.crawler.ThreadFactory - active threads:1
14:26:01 [main] DEBUG at.ac.tuwien.dbai.crawler.FeedCrawler - fetched all feeds
14:26:01 [main] DEBUG at.ac.tuwien.dbai.crawler.FeedCrawler - fetching feeds...
14:26:01 [main] DEBUG at.ac.tuwien.dbai.crawler.ThreadFactory - active threads:1
14:26:01 [main] DEBUG at.ac.tuwien.dbai.crawler.FeedCrawler - fetched all feeds
14:26:09 [main] DEBUG at.ac.tuwien.dbai.crawler.FeedCrawler - fetching feeds...
14:26:09 [main] DEBUG at.ac.tuwien.dbai.crawler.ThreadFactory - active threads:1
14:26:10 [main] DEBUG at.ac.tuwien.dbai.crawler.FeedCrawler - fetched all feeds
14:26:10 [main] DEBUG at.ac.tuwien.dbai.crawler.FeedCrawler - fetching feeds...
14:26:10 [main] DEBUG at.ac.tuwien.dbai.crawler.ThreadFactory - active threads:1
14:26:10 [main] DEBUG at.ac.tuwien.dbai.crawler.FeedCrawler - fetched all feeds
14:28:22 [main] DEBUG at.ac.tuwien.dbai.crawler.FeedCrawler - fetching feeds...
14:28:22 [main] DEBUG at.ac.tuwien.dbai.crawler.ThreadFactory - active threads:1
14:28:22 [main] DEBUG at.ac.tuwien.dbai.crawler.FeedCrawler - fetched all feeds
14:28:22 [main] DEBUG at.ac.tuwien.dbai.crawler.FeedCrawler - fetching feeds...
14:28:22 [main] DEBUG at.ac.tuwien.dbai.crawler.ThreadFactory - active threads:1
14:28:22 [main] DEBUG at.ac.tuwien.dbai.crawler.FeedCrawler - fetched all feeds
14:28:37 [main] DEBUG at.ac.tuwien.dbai.crawler.FeedCrawler - fetching feeds...
14:28:37 [main] DEBUG at.ac.tuwien.dbai.crawler.ThreadFactory - active threads:1
14:28:38 [main] DEBUG at.ac.tuwien.dbai.crawler.FeedCrawler - fetched all feeds
14:28:38 [main] DEBUG at.ac.tuwien.dbai.crawler.FeedCrawler - fetching feeds...
14:28:38 [main] DEBUG at.ac.tuwien.dbai.crawler.ThreadFactory - active threads:1
14:28:38 [main] DEBUG at.ac.tuwien.dbai.crawler.FeedCrawler - fetched all feeds
14:28:45 [main] DEBUG at.ac.tuwien.dbai.crawler.FeedCrawler - fetching feeds...
14:28:45 [main] DEBUG at.ac.tuwien.dbai.crawler.ThreadFactory - active threads:1
14:28:46 [main] DEBUG at.ac.tuwien.dbai.crawler.FeedCrawler - fetched all feeds
14:28:46 [main] DEBUG at.ac.tuwien.dbai.crawler.FeedCrawler - fetching feeds...
14:28:46 [main] DEBUG at.ac.tuwien.dbai.crawler.ThreadFactory - active threads:1
14:28:46 [main] DEBUG at.ac.tuwien.dbai.crawler.FeedCrawler - fetched all feeds
14:28:51 [main] DEBUG at.ac.tuwien.dbai.crawler.FeedCrawler - fetching feeds...
14:28:51 [main] DEBUG at.ac.tuwien.dbai.crawler.ThreadFactory - active threads:1
14:28:52 [main] DEBUG at.ac.tuwien.dbai.crawler.FeedCrawler - fetched all feeds
14:28:52 [main] DEBUG at.ac.tuwien.dbai.crawler.FeedCrawler - fetching feeds...
14:28:52 [main] DEBUG at.ac.tuwien.dbai.crawler.ThreadFactory - active threads:1
14:28:52 [main] DEBUG at.ac.tuwien.dbai.crawler.FeedCrawler - fetched all feeds
14:29:46 [main] DEBUG at.ac.tuwien.dbai.crawler.FeedCrawler - fetching feeds...
14:29:46 [main] DEBUG at.ac.tuwien.dbai.crawler.ThreadFactory - active threads:1
14:29:47 [main] DEBUG at.ac.tuwien.dbai.crawler.FeedCrawler - fetched all feeds
14:29:47 [main] DEBUG at.ac.tuwien.dbai.crawler.FeedCrawler - fetching feeds...
14:29:47 [main] DEBUG at.ac.tuwien.dbai.crawler.ThreadFactory - active threads:1
14:29:47 [main] DEBUG at.ac.tuwien.dbai.crawler.FeedCrawler - fetched all feeds
14:30:40 [main] DEBUG at.ac.tuwien.dbai.crawler.FeedCrawler - fetching feeds...
14:30:40 [main] DEBUG at.ac.tuwien.dbai.crawler.ThreadFactory - active threads:1
14:30:41 [main] DEBUG at.ac.tuwien.dbai.crawler.FeedCrawler - fetched all feeds
14:30:41 [main] DEBUG at.ac.tuwien.dbai.crawler.FeedCrawler - fetching feeds...
14:30:41 [main] DEBUG at.ac.tuwien.dbai.crawler.ThreadFactory - active threads:1
14:30:41 [main] DEBUG at.ac.tuwien.dbai.crawler.FeedCrawler - fetched all feeds
14:30:49 [main] DEBUG at.ac.tuwien.dbai.crawler.FeedCrawler - fetching feeds...
14:30:49 [main] DEBUG at.ac.tuwien.dbai.crawler.ThreadFactory - active threads:1
14:30:50 [main] DEBUG at.ac.tuwien.dbai.crawler.FeedCrawler - fetched all feeds
14:30:50 [main] DEBUG at.ac.tuwien.dbai.crawler.FeedCrawler - fetching feeds...
14:30:50 [main] DEBUG at.ac.tuwien.dbai.crawler.ThreadFactory - active threads:1
14:30:50 [main] DEBUG at.ac.tuwien.dbai.crawler.FeedCrawler - fetched all feeds
14:31:08 [main] DEBUG at.ac.tuwien.dbai.crawler.FeedCrawler - fetching feeds...
14:31:08 [main] DEBUG at.ac.tuwien.dbai.crawler.ThreadFactory - active threads:1
14:31:09 [main] DEBUG at.ac.tuwien.dbai.crawler.FeedCrawler - fetched all feeds
14:31:09 [main] DEBUG at.ac.tuwien.dbai.crawler.FeedCrawler - fetching feeds...
14:31:09 [main] DEBUG at.ac.tuwien.dbai.crawler.ThreadFactory - active threads:1
14:31:10 [main] DEBUG at.ac.tuwien.dbai.crawler.FeedCrawler - fetched all feeds
14:31:43 [main] DEBUG at.ac.tuwien.dbai.crawler.FeedCrawler - fetching feeds...
14:31:43 [main] DEBUG at.ac.tuwien.dbai.crawler.ThreadFactory - active threads:1
14:31:44 [main] DEBUG at.ac.tuwien.dbai.crawler.FeedCrawler - fetched all feeds
14:31:44 [main] DEBUG at.ac.tuwien.dbai.crawler.FeedCrawler - fetching feeds...
14:31:44 [main] DEBUG at.ac.tuwien.dbai.crawler.ThreadFactory - active threads:1
14:31:45 [main] DEBUG at.ac.tuwien.dbai.crawler.FeedCrawler - fetched all feeds
14:40:49 [main] DEBUG at.ac.tuwien.dbai.crawler.FeedCrawler - fetching feeds...
14:40:49 [main] DEBUG at.ac.tuwien.dbai.crawler.ThreadFactory - active threads:1
14:40:49 [Thread-0] INFO  at.ac.tuwien.dbai.crawler.DefaultFetchStrategy - java.lang.IllegalArgumentException: file:/home/ben/workspace/newfetcher/resources/feed.xml is not a valid HTTP Url
14:40:49 [main] DEBUG at.ac.tuwien.dbai.crawler.FeedCrawler - fetched all feeds
14:40:49 [main] DEBUG at.ac.tuwien.dbai.crawler.FeedCrawler - fetching feeds...
14:40:49 [main] DEBUG at.ac.tuwien.dbai.crawler.ThreadFactory - active threads:1
14:40:49 [Thread-1] INFO  at.ac.tuwien.dbai.crawler.DefaultFetchStrategy - java.lang.IllegalArgumentException: file:/home/ben/workspace/newfetcher/resources/feed.xml is not a valid HTTP Url
14:40:49 [main] DEBUG at.ac.tuwien.dbai.crawler.FeedCrawler - fetched all feeds
14:41:04 [main] DEBUG at.ac.tuwien.dbai.crawler.FeedCrawler - fetching feeds...
14:41:04 [main] DEBUG at.ac.tuwien.dbai.crawler.ThreadFactory - active threads:1
14:41:04 [Thread-0] INFO  at.ac.tuwien.dbai.crawler.DefaultFetchStrategy - java.lang.IllegalArgumentException: file:/home/ben/workspace/newfetcher/resources/feed.xml is not a valid HTTP Url
14:41:04 [main] DEBUG at.ac.tuwien.dbai.crawler.FeedCrawler - fetched all feeds
14:41:04 [main] DEBUG at.ac.tuwien.dbai.crawler.FeedCrawler - fetching feeds...
14:41:04 [main] DEBUG at.ac.tuwien.dbai.crawler.ThreadFactory - active threads:1
14:41:04 [Thread-1] INFO  at.ac.tuwien.dbai.crawler.DefaultFetchStrategy - java.lang.IllegalArgumentException: file:/home/ben/workspace/newfetcher/resources/feed.xml is not a valid HTTP Url
14:41:04 [main] DEBUG at.ac.tuwien.dbai.crawler.FeedCrawler - fetched all feeds
14:45:53 [main] DEBUG at.ac.tuwien.dbai.crawler.FeedCrawler - fetching feeds...
14:45:53 [main] DEBUG at.ac.tuwien.dbai.crawler.ThreadFactory - active threads:1
14:45:53 [Thread-0] INFO  at.ac.tuwien.dbai.crawler.DefaultFetchStrategy - java.lang.IllegalArgumentException: file:/home/ben/workspace/newfetcher/resources/feed.xml is not a valid HTTP Url
14:45:53 [main] DEBUG at.ac.tuwien.dbai.crawler.FeedCrawler - fetched all feeds
14:45:53 [main] DEBUG at.ac.tuwien.dbai.crawler.FeedCrawler - fetching feeds...
14:45:53 [main] DEBUG at.ac.tuwien.dbai.crawler.ThreadFactory - active threads:1
14:45:53 [Thread-1] INFO  at.ac.tuwien.dbai.crawler.DefaultFetchStrategy - java.lang.IllegalArgumentException: file:/home/ben/workspace/newfetcher/resources/feed.xml is not a valid HTTP Url
14:45:53 [main] DEBUG at.ac.tuwien.dbai.crawler.FeedCrawler - fetched all feeds
14:47:35 [main] DEBUG at.ac.tuwien.dbai.crawler.FeedCrawler - fetching feeds...
14:47:35 [main] DEBUG at.ac.tuwien.dbai.crawler.ThreadFactory - active threads:1
14:47:36 [main] DEBUG at.ac.tuwien.dbai.crawler.FeedCrawler - fetched all feeds
14:47:36 [main] DEBUG at.ac.tuwien.dbai.crawler.FeedCrawler - fetching feeds...
14:47:36 [main] DEBUG at.ac.tuwien.dbai.crawler.ThreadFactory - active threads:1
14:47:37 [main] DEBUG at.ac.tuwien.dbai.crawler.FeedCrawler - fetched all feeds
14:47:50 [main] DEBUG at.ac.tuwien.dbai.crawler.FeedCrawler - fetching feeds...
14:47:50 [main] DEBUG at.ac.tuwien.dbai.crawler.ThreadFactory - active threads:1
14:47:52 [main] DEBUG at.ac.tuwien.dbai.crawler.FeedCrawler - fetched all feeds
14:47:52 [main] DEBUG at.ac.tuwien.dbai.crawler.FeedCrawler - fetching feeds...
14:47:52 [main] DEBUG at.ac.tuwien.dbai.crawler.ThreadFactory - active threads:1
14:47:52 [main] DEBUG at.ac.tuwien.dbai.crawler.FeedCrawler - fetched all feeds
14:48:00 [main] DEBUG at.ac.tuwien.dbai.crawler.FeedCrawler - fetching feeds...
14:48:00 [main] DEBUG at.ac.tuwien.dbai.crawler.ThreadFactory - active threads:1
14:48:02 [main] DEBUG at.ac.tuwien.dbai.crawler.FeedCrawler - fetched all feeds
14:48:02 [main] DEBUG at.ac.tuwien.dbai.crawler.FeedCrawler - fetching feeds...
14:48:02 [main] DEBUG at.ac.tuwien.dbai.crawler.ThreadFactory - active threads:1
14:48:02 [main] DEBUG at.ac.tuwien.dbai.crawler.FeedCrawler - fetched all feeds
